<?xml version="1.0" encoding="UTF-8"?>
<testsuite xmlns:xsi="http://www.w3.org/2001/XMLSchema-instance" xsi:noNamespaceSchemaLocation="https://maven.apache.org/surefire/maven-surefire-plugin/xsd/surefire-test-report-3.0.xsd" version="3.0" name="TestRunner" time="60.533" tests="2" errors="0" skipped="0" failures="1">
  <properties>
    <property name="sun.desktop" value="windows"/>
    <property name="awt.toolkit" value="sun.awt.windows.WToolkit"/>
    <property name="file.encoding.pkg" value="sun.io"/>
    <property name="java.specification.version" value="1.8"/>
    <property name="sun.cpu.isalist" value="amd64"/>
    <property name="sun.jnu.encoding" value="Cp1252"/>
    <property name="java.class.path" value="C:\Users\TriNity\IdeaProjects\ACUKJATTraining\target\test-classes;C:\Users\TriNity\IdeaProjects\ACUKJATTraining\target\classes;C:\Users\TriNity\.m2\repository\info\cukes\cucumber-java\1.2.5\cucumber-java-1.2.5.jar;C:\Users\TriNity\.m2\repository\info\cukes\cucumber-core\1.2.5\cucumber-core-1.2.5.jar;C:\Users\TriNity\.m2\repository\info\cukes\cucumber-html\0.2.3\cucumber-html-0.2.3.jar;C:\Users\TriNity\.m2\repository\info\cukes\gherkin\2.12.2\gherkin-2.12.2.jar;C:\Users\TriNity\.m2\repository\info\cukes\cucumber-jvm-deps\1.0.5\cucumber-jvm-deps-1.0.5.jar;C:\Users\TriNity\.m2\repository\info\cukes\cucumber-testng\1.2.5\cucumber-testng-1.2.5.jar;C:\Users\TriNity\.m2\repository\org\testng\testng\6.9.8\testng-6.9.8.jar;C:\Users\TriNity\.m2\repository\org\beanshell\bsh\2.0b4\bsh-2.0b4.jar;C:\Users\TriNity\.m2\repository\com\beust\jcommander\1.48\jcommander-1.48.jar;C:\Users\TriNity\.m2\repository\net\masterthought\cucumber-reporting\3.8.0\cucumber-reporting-3.8.0.jar;C:\Users\TriNity\.m2\repository\org\apache\logging\log4j\log4j-api\2.6\log4j-api-2.6.jar;C:\Users\TriNity\.m2\repository\org\apache\logging\log4j\log4j-core\2.6\log4j-core-2.6.jar;C:\Users\TriNity\.m2\repository\com\fasterxml\jackson\core\jackson-databind\2.8.5\jackson-databind-2.8.5.jar;C:\Users\TriNity\.m2\repository\com\fasterxml\jackson\core\jackson-annotations\2.8.0\jackson-annotations-2.8.0.jar;C:\Users\TriNity\.m2\repository\com\fasterxml\jackson\core\jackson-core\2.8.5\jackson-core-2.8.5.jar;C:\Users\TriNity\.m2\repository\org\apache\velocity\velocity\1.7\velocity-1.7.jar;C:\Users\TriNity\.m2\repository\commons-collections\commons-collections\3.2.1\commons-collections-3.2.1.jar;C:\Users\TriNity\.m2\repository\commons-lang\commons-lang\2.4\commons-lang-2.4.jar;C:\Users\TriNity\.m2\repository\velocity-tools\velocity-tools\1.4\velocity-tools-1.4.jar;C:\Users\TriNity\.m2\repository\joda-time\joda-time\2.9.6\joda-time-2.9.6.jar;C:\Users\TriNity\.m2\repository\org\apache\commons\commons-lang3\3.5\commons-lang3-3.5.jar;C:\Users\TriNity\.m2\repository\commons-io\commons-io\2.5\commons-io-2.5.jar;C:\Users\TriNity\.m2\repository\net\lingala\zip4j\zip4j\1.3.2\zip4j-1.3.2.jar;C:\Users\TriNity\.m2\repository\org\codehaus\plexus\plexus-utils\3.0.24\plexus-utils-3.0.24.jar;C:\Users\TriNity\.m2\repository\org\jsoup\jsoup\1.10.1\jsoup-1.10.1.jar;C:\Users\TriNity\.m2\repository\com\googlecode\owasp-java-html-sanitizer\owasp-java-html-sanitizer\20160924.1\owasp-java-html-sanitizer-20160924.1.jar;C:\Users\TriNity\.m2\repository\com\google\guava\guava\20.0\guava-20.0.jar;C:\Users\TriNity\.m2\repository\org\seleniumhq\selenium\selenium-server\3.0.1\selenium-server-3.0.1.jar;C:\Users\TriNity\.m2\repository\org\seleniumhq\selenium\selenium-java\3.0.1\selenium-java-3.0.1.jar;C:\Users\TriNity\.m2\repository\org\seleniumhq\selenium\selenium-chrome-driver\3.0.1\selenium-chrome-driver-3.0.1.jar;C:\Users\TriNity\.m2\repository\org\seleniumhq\selenium\selenium-remote-driver\3.0.1\selenium-remote-driver-3.0.1.jar;C:\Users\TriNity\.m2\repository\org\seleniumhq\selenium\selenium-api\3.0.1\selenium-api-3.0.1.jar;C:\Users\TriNity\.m2\repository\cglib\cglib-nodep\3.2.4\cglib-nodep-3.2.4.jar;C:\Users\TriNity\.m2\repository\org\apache\commons\commons-exec\1.3\commons-exec-1.3.jar;C:\Users\TriNity\.m2\repository\com\google\code\gson\gson\2.3.1\gson-2.3.1.jar;C:\Users\TriNity\.m2\repository\net\java\dev\jna\jna-platform\4.1.0\jna-platform-4.1.0.jar;C:\Users\TriNity\.m2\repository\net\java\dev\jna\jna\4.1.0\jna-4.1.0.jar;C:\Users\TriNity\.m2\repository\org\seleniumhq\selenium\selenium-edge-driver\3.0.1\selenium-edge-driver-3.0.1.jar;C:\Users\TriNity\.m2\repository\org\seleniumhq\selenium\selenium-firefox-driver\3.0.1\selenium-firefox-driver-3.0.1.jar;C:\Users\TriNity\.m2\repository\org\seleniumhq\selenium\selenium-ie-driver\3.0.1\selenium-ie-driver-3.0.1.jar;C:\Users\TriNity\.m2\repository\org\seleniumhq\selenium\selenium-opera-driver\3.0.1\selenium-opera-driver-3.0.1.jar;C:\Users\TriNity\.m2\repository\org\seleniumhq\selenium\selenium-safari-driver\3.0.1\selenium-safari-driver-3.0.1.jar;C:\Users\TriNity\.m2\repository\io\netty\netty\3.5.7.Final\netty-3.5.7.Final.jar;C:\Users\TriNity\.m2\repository\org\seleniumhq\selenium\selenium-support\3.0.1\selenium-support-3.0.1.jar;C:\Users\TriNity\.m2\repository\junit\junit\4.12\junit-4.12.jar;C:\Users\TriNity\.m2\repository\org\hamcrest\hamcrest-core\1.3\hamcrest-core-1.3.jar;C:\Users\TriNity\.m2\repository\net\sourceforge\htmlunit\htmlunit\2.23\htmlunit-2.23.jar;C:\Users\TriNity\.m2\repository\xalan\xalan\2.7.2\xalan-2.7.2.jar;C:\Users\TriNity\.m2\repository\xalan\serializer\2.7.2\serializer-2.7.2.jar;C:\Users\TriNity\.m2\repository\org\apache\httpcomponents\httpclient\4.5.2\httpclient-4.5.2.jar;C:\Users\TriNity\.m2\repository\org\apache\httpcomponents\httpcore\4.4.4\httpcore-4.4.4.jar;C:\Users\TriNity\.m2\repository\org\apache\httpcomponents\httpmime\4.5.2\httpmime-4.5.2.jar;C:\Users\TriNity\.m2\repository\commons-codec\commons-codec\1.10\commons-codec-1.10.jar;C:\Users\TriNity\.m2\repository\net\sourceforge\htmlunit\htmlunit-core-js\2.23\htmlunit-core-js-2.23.jar;C:\Users\TriNity\.m2\repository\net\sourceforge\htmlunit\neko-htmlunit\2.23\neko-htmlunit-2.23.jar;C:\Users\TriNity\.m2\repository\xerces\xercesImpl\2.11.0\xercesImpl-2.11.0.jar;C:\Users\TriNity\.m2\repository\xml-apis\xml-apis\1.4.01\xml-apis-1.4.01.jar;C:\Users\TriNity\.m2\repository\net\sourceforge\cssparser\cssparser\0.9.20\cssparser-0.9.20.jar;C:\Users\TriNity\.m2\repository\org\w3c\css\sac\1.3\sac-1.3.jar;C:\Users\TriNity\.m2\repository\commons-logging\commons-logging\1.2\commons-logging-1.2.jar;C:\Users\TriNity\.m2\repository\com\codeborne\phantomjsdriver\1.3.0\phantomjsdriver-1.3.0.jar;C:\Users\TriNity\.m2\repository\org\eclipse\jetty\websocket\websocket-client\9.2.15.v20160210\websocket-client-9.2.15.v20160210.jar;C:\Users\TriNity\.m2\repository\org\eclipse\jetty\jetty-util\9.2.15.v20160210\jetty-util-9.2.15.v20160210.jar;C:\Users\TriNity\.m2\repository\org\eclipse\jetty\jetty-io\9.2.15.v20160210\jetty-io-9.2.15.v20160210.jar;C:\Users\TriNity\.m2\repository\org\eclipse\jetty\websocket\websocket-common\9.2.15.v20160210\websocket-common-9.2.15.v20160210.jar;C:\Users\TriNity\.m2\repository\org\eclipse\jetty\websocket\websocket-api\9.2.15.v20160210\websocket-api-9.2.15.v20160210.jar;C:\Users\TriNity\.m2\repository\net\jcip\jcip-annotations\1.0\jcip-annotations-1.0.jar;C:\Users\TriNity\.m2\repository\org\seleniumhq\selenium\jetty-repacked\9.2.13.v20160825\jetty-repacked-9.2.13.v20160825.jar;C:\Users\TriNity\.m2\repository\javax\servlet\javax.servlet-api\3.1.0\javax.servlet-api-3.1.0.jar;C:\Users\TriNity\.m2\repository\org\seleniumhq\selenium\htmlunit-driver\2.23\htmlunit-driver-2.23.jar;C:\Users\TriNity\.m2\repository\org\yaml\snakeyaml\1.15\snakeyaml-1.15.jar;"/>
    <property name="java.vm.vendor" value="Oracle Corporation"/>
    <property name="sun.arch.data.model" value="64"/>
    <property name="user.variant" value=""/>
    <property name="java.vendor.url" value="http://java.oracle.com/"/>
    <property name="user.timezone" value="Europe/London"/>
    <property name="java.vm.specification.version" value="1.8"/>
    <property name="os.name" value="Windows 10"/>
    <property name="user.country" value="GB"/>
    <property name="sun.java.launcher" value="SUN_STANDARD"/>
    <property name="sun.boot.library.path" value="C:\Program Files\Java\jdk1.8.0_201\jre\bin"/>
    <property name="sun.java.command" value="C:\Users\TriNity\AppData\Local\Temp\surefire7913477075795180211\surefirebooter4165537557456339675.jar C:\Users\TriNity\AppData\Local\Temp\surefire7913477075795180211 2019-04-13T17-43-14_484-jvmRun1 surefire4471190180983183864tmp surefire_02806963125240115537tmp"/>
    <property name="surefire.test.class.path" value="C:\Users\TriNity\IdeaProjects\ACUKJATTraining\target\test-classes;C:\Users\TriNity\IdeaProjects\ACUKJATTraining\target\classes;C:\Users\TriNity\.m2\repository\info\cukes\cucumber-java\1.2.5\cucumber-java-1.2.5.jar;C:\Users\TriNity\.m2\repository\info\cukes\cucumber-core\1.2.5\cucumber-core-1.2.5.jar;C:\Users\TriNity\.m2\repository\info\cukes\cucumber-html\0.2.3\cucumber-html-0.2.3.jar;C:\Users\TriNity\.m2\repository\info\cukes\gherkin\2.12.2\gherkin-2.12.2.jar;C:\Users\TriNity\.m2\repository\info\cukes\cucumber-jvm-deps\1.0.5\cucumber-jvm-deps-1.0.5.jar;C:\Users\TriNity\.m2\repository\info\cukes\cucumber-testng\1.2.5\cucumber-testng-1.2.5.jar;C:\Users\TriNity\.m2\repository\org\testng\testng\6.9.8\testng-6.9.8.jar;C:\Users\TriNity\.m2\repository\org\beanshell\bsh\2.0b4\bsh-2.0b4.jar;C:\Users\TriNity\.m2\repository\com\beust\jcommander\1.48\jcommander-1.48.jar;C:\Users\TriNity\.m2\repository\net\masterthought\cucumber-reporting\3.8.0\cucumber-reporting-3.8.0.jar;C:\Users\TriNity\.m2\repository\org\apache\logging\log4j\log4j-api\2.6\log4j-api-2.6.jar;C:\Users\TriNity\.m2\repository\org\apache\logging\log4j\log4j-core\2.6\log4j-core-2.6.jar;C:\Users\TriNity\.m2\repository\com\fasterxml\jackson\core\jackson-databind\2.8.5\jackson-databind-2.8.5.jar;C:\Users\TriNity\.m2\repository\com\fasterxml\jackson\core\jackson-annotations\2.8.0\jackson-annotations-2.8.0.jar;C:\Users\TriNity\.m2\repository\com\fasterxml\jackson\core\jackson-core\2.8.5\jackson-core-2.8.5.jar;C:\Users\TriNity\.m2\repository\org\apache\velocity\velocity\1.7\velocity-1.7.jar;C:\Users\TriNity\.m2\repository\commons-collections\commons-collections\3.2.1\commons-collections-3.2.1.jar;C:\Users\TriNity\.m2\repository\commons-lang\commons-lang\2.4\commons-lang-2.4.jar;C:\Users\TriNity\.m2\repository\velocity-tools\velocity-tools\1.4\velocity-tools-1.4.jar;C:\Users\TriNity\.m2\repository\joda-time\joda-time\2.9.6\joda-time-2.9.6.jar;C:\Users\TriNity\.m2\repository\org\apache\commons\commons-lang3\3.5\commons-lang3-3.5.jar;C:\Users\TriNity\.m2\repository\commons-io\commons-io\2.5\commons-io-2.5.jar;C:\Users\TriNity\.m2\repository\net\lingala\zip4j\zip4j\1.3.2\zip4j-1.3.2.jar;C:\Users\TriNity\.m2\repository\org\codehaus\plexus\plexus-utils\3.0.24\plexus-utils-3.0.24.jar;C:\Users\TriNity\.m2\repository\org\jsoup\jsoup\1.10.1\jsoup-1.10.1.jar;C:\Users\TriNity\.m2\repository\com\googlecode\owasp-java-html-sanitizer\owasp-java-html-sanitizer\20160924.1\owasp-java-html-sanitizer-20160924.1.jar;C:\Users\TriNity\.m2\repository\com\google\guava\guava\20.0\guava-20.0.jar;C:\Users\TriNity\.m2\repository\org\seleniumhq\selenium\selenium-server\3.0.1\selenium-server-3.0.1.jar;C:\Users\TriNity\.m2\repository\org\seleniumhq\selenium\selenium-java\3.0.1\selenium-java-3.0.1.jar;C:\Users\TriNity\.m2\repository\org\seleniumhq\selenium\selenium-chrome-driver\3.0.1\selenium-chrome-driver-3.0.1.jar;C:\Users\TriNity\.m2\repository\org\seleniumhq\selenium\selenium-remote-driver\3.0.1\selenium-remote-driver-3.0.1.jar;C:\Users\TriNity\.m2\repository\org\seleniumhq\selenium\selenium-api\3.0.1\selenium-api-3.0.1.jar;C:\Users\TriNity\.m2\repository\cglib\cglib-nodep\3.2.4\cglib-nodep-3.2.4.jar;C:\Users\TriNity\.m2\repository\org\apache\commons\commons-exec\1.3\commons-exec-1.3.jar;C:\Users\TriNity\.m2\repository\com\google\code\gson\gson\2.3.1\gson-2.3.1.jar;C:\Users\TriNity\.m2\repository\net\java\dev\jna\jna-platform\4.1.0\jna-platform-4.1.0.jar;C:\Users\TriNity\.m2\repository\net\java\dev\jna\jna\4.1.0\jna-4.1.0.jar;C:\Users\TriNity\.m2\repository\org\seleniumhq\selenium\selenium-edge-driver\3.0.1\selenium-edge-driver-3.0.1.jar;C:\Users\TriNity\.m2\repository\org\seleniumhq\selenium\selenium-firefox-driver\3.0.1\selenium-firefox-driver-3.0.1.jar;C:\Users\TriNity\.m2\repository\org\seleniumhq\selenium\selenium-ie-driver\3.0.1\selenium-ie-driver-3.0.1.jar;C:\Users\TriNity\.m2\repository\org\seleniumhq\selenium\selenium-opera-driver\3.0.1\selenium-opera-driver-3.0.1.jar;C:\Users\TriNity\.m2\repository\org\seleniumhq\selenium\selenium-safari-driver\3.0.1\selenium-safari-driver-3.0.1.jar;C:\Users\TriNity\.m2\repository\io\netty\netty\3.5.7.Final\netty-3.5.7.Final.jar;C:\Users\TriNity\.m2\repository\org\seleniumhq\selenium\selenium-support\3.0.1\selenium-support-3.0.1.jar;C:\Users\TriNity\.m2\repository\junit\junit\4.12\junit-4.12.jar;C:\Users\TriNity\.m2\repository\org\hamcrest\hamcrest-core\1.3\hamcrest-core-1.3.jar;C:\Users\TriNity\.m2\repository\net\sourceforge\htmlunit\htmlunit\2.23\htmlunit-2.23.jar;C:\Users\TriNity\.m2\repository\xalan\xalan\2.7.2\xalan-2.7.2.jar;C:\Users\TriNity\.m2\repository\xalan\serializer\2.7.2\serializer-2.7.2.jar;C:\Users\TriNity\.m2\repository\org\apache\httpcomponents\httpclient\4.5.2\httpclient-4.5.2.jar;C:\Users\TriNity\.m2\repository\org\apache\httpcomponents\httpcore\4.4.4\httpcore-4.4.4.jar;C:\Users\TriNity\.m2\repository\org\apache\httpcomponents\httpmime\4.5.2\httpmime-4.5.2.jar;C:\Users\TriNity\.m2\repository\commons-codec\commons-codec\1.10\commons-codec-1.10.jar;C:\Users\TriNity\.m2\repository\net\sourceforge\htmlunit\htmlunit-core-js\2.23\htmlunit-core-js-2.23.jar;C:\Users\TriNity\.m2\repository\net\sourceforge\htmlunit\neko-htmlunit\2.23\neko-htmlunit-2.23.jar;C:\Users\TriNity\.m2\repository\xerces\xercesImpl\2.11.0\xercesImpl-2.11.0.jar;C:\Users\TriNity\.m2\repository\xml-apis\xml-apis\1.4.01\xml-apis-1.4.01.jar;C:\Users\TriNity\.m2\repository\net\sourceforge\cssparser\cssparser\0.9.20\cssparser-0.9.20.jar;C:\Users\TriNity\.m2\repository\org\w3c\css\sac\1.3\sac-1.3.jar;C:\Users\TriNity\.m2\repository\commons-logging\commons-logging\1.2\commons-logging-1.2.jar;C:\Users\TriNity\.m2\repository\com\codeborne\phantomjsdriver\1.3.0\phantomjsdriver-1.3.0.jar;C:\Users\TriNity\.m2\repository\org\eclipse\jetty\websocket\websocket-client\9.2.15.v20160210\websocket-client-9.2.15.v20160210.jar;C:\Users\TriNity\.m2\repository\org\eclipse\jetty\jetty-util\9.2.15.v20160210\jetty-util-9.2.15.v20160210.jar;C:\Users\TriNity\.m2\repository\org\eclipse\jetty\jetty-io\9.2.15.v20160210\jetty-io-9.2.15.v20160210.jar;C:\Users\TriNity\.m2\repository\org\eclipse\jetty\websocket\websocket-common\9.2.15.v20160210\websocket-common-9.2.15.v20160210.jar;C:\Users\TriNity\.m2\repository\org\eclipse\jetty\websocket\websocket-api\9.2.15.v20160210\websocket-api-9.2.15.v20160210.jar;C:\Users\TriNity\.m2\repository\net\jcip\jcip-annotations\1.0\jcip-annotations-1.0.jar;C:\Users\TriNity\.m2\repository\org\seleniumhq\selenium\jetty-repacked\9.2.13.v20160825\jetty-repacked-9.2.13.v20160825.jar;C:\Users\TriNity\.m2\repository\javax\servlet\javax.servlet-api\3.1.0\javax.servlet-api-3.1.0.jar;C:\Users\TriNity\.m2\repository\org\seleniumhq\selenium\htmlunit-driver\2.23\htmlunit-driver-2.23.jar;C:\Users\TriNity\.m2\repository\org\yaml\snakeyaml\1.15\snakeyaml-1.15.jar;"/>
    <property name="sun.cpu.endian" value="little"/>
    <property name="user.home" value="C:\Users\TriNity"/>
    <property name="user.language" value="en"/>
    <property name="java.specification.vendor" value="Oracle Corporation"/>
    <property name="java.home" value="C:\Program Files\Java\jdk1.8.0_201\jre"/>
    <property name="basedir" value="C:\Users\TriNity\IdeaProjects\ACUKJATTraining"/>
    <property name="file.separator" value="\"/>
    <property name="line.separator" value="&#10;"/>
    <property name="java.vm.specification.vendor" value="Oracle Corporation"/>
    <property name="java.specification.name" value="Java Platform API Specification"/>
    <property name="java.awt.graphicsenv" value="sun.awt.Win32GraphicsEnvironment"/>
    <property name="surefire.real.class.path" value="C:\Users\TriNity\AppData\Local\Temp\surefire7913477075795180211\surefirebooter4165537557456339675.jar"/>
    <property name="sun.boot.class.path" value="C:\Program Files\Java\jdk1.8.0_201\jre\lib\resources.jar;C:\Program Files\Java\jdk1.8.0_201\jre\lib\rt.jar;C:\Program Files\Java\jdk1.8.0_201\jre\lib\sunrsasign.jar;C:\Program Files\Java\jdk1.8.0_201\jre\lib\jsse.jar;C:\Program Files\Java\jdk1.8.0_201\jre\lib\jce.jar;C:\Program Files\Java\jdk1.8.0_201\jre\lib\charsets.jar;C:\Program Files\Java\jdk1.8.0_201\jre\lib\jfr.jar;C:\Program Files\Java\jdk1.8.0_201\jre\classes"/>
    <property name="user.script" value=""/>
    <property name="sun.management.compiler" value="HotSpot 64-Bit Tiered Compilers"/>
    <property name="java.runtime.version" value="1.8.0_201-b09"/>
    <property name="user.name" value="TriNity"/>
    <property name="path.separator" value=";"/>
    <property name="os.version" value="10.0"/>
    <property name="java.endorsed.dirs" value="C:\Program Files\Java\jdk1.8.0_201\jre\lib\endorsed"/>
    <property name="java.runtime.name" value="Java(TM) SE Runtime Environment"/>
    <property name="file.encoding" value="Cp1252"/>
    <property name="java.vm.name" value="Java HotSpot(TM) 64-Bit Server VM"/>
    <property name="localRepository" value="C:\Users\TriNity\.m2\repository"/>
    <property name="java.vendor.url.bug" value="http://bugreport.sun.com/bugreport/"/>
    <property name="java.io.tmpdir" value="C:\Users\TriNity\AppData\Local\Temp\"/>
    <property name="java.version" value="1.8.0_201"/>
    <property name="user.dir" value="C:\Users\TriNity\IdeaProjects\ACUKJATTraining"/>
    <property name="os.arch" value="amd64"/>
    <property name="java.vm.specification.name" value="Java Virtual Machine Specification"/>
    <property name="java.awt.printerjob" value="sun.awt.windows.WPrinterJob"/>
    <property name="sun.os.patch.level" value=""/>
    <property name="java.library.path" value="C:\Program Files\Java\jdk1.8.0_201\jre\bin;C:\WINDOWS\Sun\Java\bin;C:\WINDOWS\system32;C:\WINDOWS;C:\Chrome_Driver;C:\app\TriNity\product\11.1.0\client_1;C:\app\TriNity\product\11.1.0\client_1\bin;C:\WINDOWS\system32;C:\WINDOWS;C:\WINDOWS\System32\Wbem;C:\WINDOWS\System32\WindowsPowerShell\v1.0\;C:\Program Files (x86)\Smart Projects\IsoBuster;C:\Program Files (x86)\QuickTime\QTSystem\;C:\Program Files (x86)\Calibre2\;C:\WINDOWS\System32\OpenSSH\;C:\Program Files\nodejs\;C:\apache-maven-3.6.0\bin;C:\Program Files\Git\cmd;C:\Program Files\Java\jdk1.8.0_201\bin;C:\Program Files (x86)\Common Files\Oracle\Java\javapath;C:\Program Files\Microsoft SQL Server\Client SDK\ODBC\130\Tools\Binn\;C:\Program Files (x86)\Microsoft SQL Server\140\Tools\Binn\;C:\Program Files\Microsoft SQL Server\140\Tools\Binn\;C:\Program Files\Microsoft SQL Server\140\DTS\Binn\;C:\Program Files\dotnet\;C:\Program Files\Microsoft SQL Server\130\Tools\Binn\;C:\Program Files\Microsoft SQL Server\Client SDK\ODBC\170\Tools\Binn\;C:\Ruby24\devkit\bin;C:\Ruby26\bin;C:\Users\TriNity\AppData\Local\Microsoft\WindowsApps;C:\Users\TriNity\AppData\Roaming\npm;C:\Users\TriNity\AppData\Local\GitHubDesktop\bin;C:\Program Files\JetBrains\IntelliJ IDEA Community Edition 2018.3.5\bin;;C:\Users\TriNity\AppData\Local\Programs\Microsoft VS Code\bin;."/>
    <property name="java.vm.info" value="mixed mode"/>
    <property name="java.vendor" value="Oracle Corporation"/>
    <property name="java.vm.version" value="25.201-b09"/>
    <property name="java.ext.dirs" value="C:\Program Files\Java\jdk1.8.0_201\jre\lib\ext;C:\WINDOWS\Sun\Java\lib\ext"/>
    <property name="sun.io.unicode.encoding" value="UnicodeLittle"/>
    <property name="java.class.version" value="52.0"/>
  </properties>
  <testcase name="feature" classname="TestRunner" time="0.83"/>
  <testcase name="feature" classname="TestRunner" time="56.076">
    <failure message="org.openqa.selenium.WebDriverException: Failed to connect to binary FirefoxBinary(C:\Program Files (x86)\Mozilla Firefox\firefox.exe) on port 7055; process output follows: &#10;ghtbulb.svg&quot;,&quot;48&quot;:&quot;icons/lightbulb.svg&quot;,&quot;96&quot;:&quot;icons/lightbulb.svg&quot;,&quot;128&quot;:&quot;icons/lightbulb.svg&quot;},&quot;iconURL&quot;:null,&quot;blocklistState&quot;:0,&quot;blocklistURL&quot;:null,&quot;startupData&quot;:null,&quot;hidden&quot;:true,&quot;installTelemetryInfo&quot;:null,&quot;location&quot;:&quot;app-system-defaults&quot;}&#10;1555173807447	addons.xpi	DEBUG	Updating XPIState for {&quot;id&quot;:&quot;webcompat@mozilla.org&quot;,&quot;syncGUID&quot;:&quot;{a0d39ca2-bca4-4e5a-ae7c-5124376227a4}&quot;,&quot;version&quot;:&quot;3.0.2&quot;,&quot;type&quot;:&quot;extension&quot;,&quot;loader&quot;:null,&quot;updateURL&quot;:null,&quot;optionsURL&quot;:null,&quot;optionsType&quot;:null,&quot;optionsBrowserStyle&quot;:true,&quot;aboutURL&quot;:null,&quot;defaultLocale&quot;:{&quot;name&quot;:&quot;Web Compat&quot;,&quot;description&quot;:&quot;Urgent post-release fixes for web compatibility.&quot;,&quot;creator&quot;:null,&quot;developers&quot;:null,&quot;translators&quot;:null,&quot;contributors&quot;:null},&quot;visible&quot;:true,&quot;active&quot;:true,&quot;userDisabled&quot;:false,&quot;appDisabled&quot;:false,&quot;installDate&quot;:1554571702928,&quot;updateDate&quot;:1554571702928,&quot;applyBackgroundUpdates&quot;:1,&quot;path&quot;:&quot;C:\\Program Files (x86)\\Mozilla Firefox\\browser\\features\\webcompat@mozilla.org.xpi&quot;,&quot;skinnable&quot;:false,&quot;sourceURI&quot;:null,&quot;releaseNotesURI&quot;:null,&quot;softDisabled&quot;:false,&quot;foreignInstall&quot;:false,&quot;strictCompatibility&quot;:true,&quot;locales&quot;:[],&quot;targetApplications&quot;:[{&quot;id&quot;:&quot;toolkit@mozilla.org&quot;,&quot;minVersion&quot;:&quot;59.0b5&quot;,&quot;maxVersion&quot;:null}],&quot;targetPlatforms&quot;:[],&quot;seen&quot;:true,&quot;dependencies&quot;:[],&quot;userPermissions&quot;:{&quot;permissions&quot;:[&quot;webRequest&quot;,&quot;webRequestBlocking&quot;],&quot;origins&quot;:[&quot;&lt;all_urls&gt;&quot;]},&quot;icons&quot;:{},&quot;iconURL&quot;:null,&quot;blocklistState&quot;:0,&quot;blocklistURL&quot;:null,&quot;startupData&quot;:null,&quot;hidden&quot;:true,&quot;installTelemetryInfo&quot;:null,&quot;location&quot;:&quot;app-system-defaults&quot;}&#10;1555173807447	addons.xpi-utils	DEBUG	Updating add-on states&#10;1555173807451	addons.xpi	DEBUG	Calling bootstrap method startup on formautofill@mozilla.org version 1.0&#10;1555173807454	addons.xpi	DEBUG	Calling bootstrap method startup on screenshots@mozilla.org version 35.0.0&#10;1555173807456	addons.xpi	DEBUG	Calling bootstrap method startup on webcompat@mozilla.org version 3.0.2&#10;1555173807459	addons.manager	DEBUG	Registering shutdown blocker for XPIProvider&#10;1555173807460	addons.manager	DEBUG	Provider finished startup: XPIProvider&#10;1555173807460	addons.manager	DEBUG	Starting provider: LightweightThemeManager&#10;1555173807460	addons.manager	DEBUG	Registering shutdown blocker for LightweightThemeManager&#10;1555173807461	addons.manager	DEBUG	Provider finished startup: LightweightThemeManager&#10;1555173807462	addons.manager	DEBUG	Starting provider: GMPProvider&#10;1555173807466	addons.manager	DEBUG	Registering shutdown blocker for GMPProvider&#10;1555173807467	addons.manager	DEBUG	Provider finished startup: GMPProvider&#10;1555173807467	addons.manager	DEBUG	Starting provider: PluginProvider&#10;1555173807467	addons.manager	DEBUG	Registering shutdown blocker for PluginProvider&#10;1555173807467	addons.manager	DEBUG	Provider finished startup: PluginProvider&#10;1555173807477	addons.manager	DEBUG	Completed startup sequence&#10;1555173809358	addons.xpi-utils	DEBUG	XPI Database saved, setting schema version preference to 28&#10;1555173810094	addons.repository	DEBUG	No addons.json found.&#10;1555173812667	addons.xpi	DEBUG	Ignoring file: name is not a valid add-on ID: C:\Users\TriNity\AppData\Local\Temp\anonymous8253210130243637588webdriver-profile\extensions\webdriver-staging&#10;1555173812679	addons.xpi	DEBUG	Existing add-on formautofill@mozilla.org in app-system-defaults&#10;1555173812680	addons.xpi	DEBUG	Existing add-on screenshots@mozilla.org in app-system-defaults&#10;1555173812680	addons.xpi	DEBUG	Existing add-on webcompat-reporter@mozilla.org in app-system-defaults&#10;1555173812681	addons.xpi	DEBUG	Existing add-on webcompat@mozilla.org in app-system-defaults&#10;1555173812682	addons.xpi	DEBUG	scanForChanges changed: false, state: {}&#10;JavaScript error: resource://gre/modules/addons/XPIProvider.jsm, line 2614: TypeError: addon is null&#10;1555173812866	addons.manager	DEBUG	Registering upgrade listener for formautofill@mozilla.org&#10;[Child 14696, Chrome_ChildThread] WARNING: pipe error: 109: file z:/build/build/src/ipc/chromium/src/chrome/common/ipc_channel_win.cc, line 332&#10;[Child 14696, Chrome_ChildThread] WARNING: pipe error: 109: file z:/build/build/src/ipc/chromium/src/chrome/common/ipc_channel_win.cc, line 332&#10;&#10;Build info: version: &apos;3.0.1&apos;, revision: &apos;1969d75&apos;, time: &apos;2016-10-18 09:49:13 -0700&apos;&#10;System info: host: &apos;DESKTOP-8L4ELD8&apos;, ip: &apos;192.168.15.204&apos;, os.name: &apos;Windows 10&apos;, os.arch: &apos;amd64&apos;, os.version: &apos;10.0&apos;, java.version: &apos;1.8.0_201&apos;&#10;Driver info: driver.version: FirefoxDriver" type="cucumber.runtime.CucumberException"><![CDATA[cucumber.runtime.CucumberException: 
org.openqa.selenium.WebDriverException: Failed to connect to binary FirefoxBinary(C:\Program Files (x86)\Mozilla Firefox\firefox.exe) on port 7055; process output follows: 
ghtbulb.svg","48":"icons/lightbulb.svg","96":"icons/lightbulb.svg","128":"icons/lightbulb.svg"},"iconURL":null,"blocklistState":0,"blocklistURL":null,"startupData":null,"hidden":true,"installTelemetryInfo":null,"location":"app-system-defaults"}
1555173807447	addons.xpi	DEBUG	Updating XPIState for {"id":"webcompat@mozilla.org","syncGUID":"{a0d39ca2-bca4-4e5a-ae7c-5124376227a4}","version":"3.0.2","type":"extension","loader":null,"updateURL":null,"optionsURL":null,"optionsType":null,"optionsBrowserStyle":true,"aboutURL":null,"defaultLocale":{"name":"Web Compat","description":"Urgent post-release fixes for web compatibility.","creator":null,"developers":null,"translators":null,"contributors":null},"visible":true,"active":true,"userDisabled":false,"appDisabled":false,"installDate":1554571702928,"updateDate":1554571702928,"applyBackgroundUpdates":1,"path":"C:\\Program Files (x86)\\Mozilla Firefox\\browser\\features\\webcompat@mozilla.org.xpi","skinnable":false,"sourceURI":null,"releaseNotesURI":null,"softDisabled":false,"foreignInstall":false,"strictCompatibility":true,"locales":[],"targetApplications":[{"id":"toolkit@mozilla.org","minVersion":"59.0b5","maxVersion":null}],"targetPlatforms":[],"seen":true,"dependencies":[],"userPermissions":{"permissions":["webRequest","webRequestBlocking"],"origins":["<all_urls>"]},"icons":{},"iconURL":null,"blocklistState":0,"blocklistURL":null,"startupData":null,"hidden":true,"installTelemetryInfo":null,"location":"app-system-defaults"}
1555173807447	addons.xpi-utils	DEBUG	Updating add-on states
1555173807451	addons.xpi	DEBUG	Calling bootstrap method startup on formautofill@mozilla.org version 1.0
1555173807454	addons.xpi	DEBUG	Calling bootstrap method startup on screenshots@mozilla.org version 35.0.0
1555173807456	addons.xpi	DEBUG	Calling bootstrap method startup on webcompat@mozilla.org version 3.0.2
1555173807459	addons.manager	DEBUG	Registering shutdown blocker for XPIProvider
1555173807460	addons.manager	DEBUG	Provider finished startup: XPIProvider
1555173807460	addons.manager	DEBUG	Starting provider: LightweightThemeManager
1555173807460	addons.manager	DEBUG	Registering shutdown blocker for LightweightThemeManager
1555173807461	addons.manager	DEBUG	Provider finished startup: LightweightThemeManager
1555173807462	addons.manager	DEBUG	Starting provider: GMPProvider
1555173807466	addons.manager	DEBUG	Registering shutdown blocker for GMPProvider
1555173807467	addons.manager	DEBUG	Provider finished startup: GMPProvider
1555173807467	addons.manager	DEBUG	Starting provider: PluginProvider
1555173807467	addons.manager	DEBUG	Registering shutdown blocker for PluginProvider
1555173807467	addons.manager	DEBUG	Provider finished startup: PluginProvider
1555173807477	addons.manager	DEBUG	Completed startup sequence
1555173809358	addons.xpi-utils	DEBUG	XPI Database saved, setting schema version preference to 28
1555173810094	addons.repository	DEBUG	No addons.json found.
1555173812667	addons.xpi	DEBUG	Ignoring file: name is not a valid add-on ID: C:\Users\TriNity\AppData\Local\Temp\anonymous8253210130243637588webdriver-profile\extensions\webdriver-staging
1555173812679	addons.xpi	DEBUG	Existing add-on formautofill@mozilla.org in app-system-defaults
1555173812680	addons.xpi	DEBUG	Existing add-on screenshots@mozilla.org in app-system-defaults
1555173812680	addons.xpi	DEBUG	Existing add-on webcompat-reporter@mozilla.org in app-system-defaults
1555173812681	addons.xpi	DEBUG	Existing add-on webcompat@mozilla.org in app-system-defaults
1555173812682	addons.xpi	DEBUG	scanForChanges changed: false, state: {}
JavaScript error: resource://gre/modules/addons/XPIProvider.jsm, line 2614: TypeError: addon is null
1555173812866	addons.manager	DEBUG	Registering upgrade listener for formautofill@mozilla.org
[Child 14696, Chrome_ChildThread] WARNING: pipe error: 109: file z:/build/build/src/ipc/chromium/src/chrome/common/ipc_channel_win.cc, line 332
[Child 14696, Chrome_ChildThread] WARNING: pipe error: 109: file z:/build/build/src/ipc/chromium/src/chrome/common/ipc_channel_win.cc, line 332

Build info: version: '3.0.1', revision: '1969d75', time: '2016-10-18 09:49:13 -0700'
System info: host: 'DESKTOP-8L4ELD8', ip: '192.168.15.204', os.name: 'Windows 10', os.arch: 'amd64', os.version: '10.0', java.version: '1.8.0_201'
Driver info: driver.version: FirefoxDriver
	at TestRunner.feature(TestRunner.java:31)
Caused by: org.openqa.selenium.WebDriverException: 
Failed to connect to binary FirefoxBinary(C:\Program Files (x86)\Mozilla Firefox\firefox.exe) on port 7055; process output follows: 
ghtbulb.svg","48":"icons/lightbulb.svg","96":"icons/lightbulb.svg","128":"icons/lightbulb.svg"},"iconURL":null,"blocklistState":0,"blocklistURL":null,"startupData":null,"hidden":true,"installTelemetryInfo":null,"location":"app-system-defaults"}
1555173807447	addons.xpi	DEBUG	Updating XPIState for {"id":"webcompat@mozilla.org","syncGUID":"{a0d39ca2-bca4-4e5a-ae7c-5124376227a4}","version":"3.0.2","type":"extension","loader":null,"updateURL":null,"optionsURL":null,"optionsType":null,"optionsBrowserStyle":true,"aboutURL":null,"defaultLocale":{"name":"Web Compat","description":"Urgent post-release fixes for web compatibility.","creator":null,"developers":null,"translators":null,"contributors":null},"visible":true,"active":true,"userDisabled":false,"appDisabled":false,"installDate":1554571702928,"updateDate":1554571702928,"applyBackgroundUpdates":1,"path":"C:\\Program Files (x86)\\Mozilla Firefox\\browser\\features\\webcompat@mozilla.org.xpi","skinnable":false,"sourceURI":null,"releaseNotesURI":null,"softDisabled":false,"foreignInstall":false,"strictCompatibility":true,"locales":[],"targetApplications":[{"id":"toolkit@mozilla.org","minVersion":"59.0b5","maxVersion":null}],"targetPlatforms":[],"seen":true,"dependencies":[],"userPermissions":{"permissions":["webRequest","webRequestBlocking"],"origins":["<all_urls>"]},"icons":{},"iconURL":null,"blocklistState":0,"blocklistURL":null,"startupData":null,"hidden":true,"installTelemetryInfo":null,"location":"app-system-defaults"}
1555173807447	addons.xpi-utils	DEBUG	Updating add-on states
1555173807451	addons.xpi	DEBUG	Calling bootstrap method startup on formautofill@mozilla.org version 1.0
1555173807454	addons.xpi	DEBUG	Calling bootstrap method startup on screenshots@mozilla.org version 35.0.0
1555173807456	addons.xpi	DEBUG	Calling bootstrap method startup on webcompat@mozilla.org version 3.0.2
1555173807459	addons.manager	DEBUG	Registering shutdown blocker for XPIProvider
1555173807460	addons.manager	DEBUG	Provider finished startup: XPIProvider
1555173807460	addons.manager	DEBUG	Starting provider: LightweightThemeManager
1555173807460	addons.manager	DEBUG	Registering shutdown blocker for LightweightThemeManager
1555173807461	addons.manager	DEBUG	Provider finished startup: LightweightThemeManager
1555173807462	addons.manager	DEBUG	Starting provider: GMPProvider
1555173807466	addons.manager	DEBUG	Registering shutdown blocker for GMPProvider
1555173807467	addons.manager	DEBUG	Provider finished startup: GMPProvider
1555173807467	addons.manager	DEBUG	Starting provider: PluginProvider
1555173807467	addons.manager	DEBUG	Registering shutdown blocker for PluginProvider
1555173807467	addons.manager	DEBUG	Provider finished startup: PluginProvider
1555173807477	addons.manager	DEBUG	Completed startup sequence
1555173809358	addons.xpi-utils	DEBUG	XPI Database saved, setting schema version preference to 28
1555173810094	addons.repository	DEBUG	No addons.json found.
1555173812667	addons.xpi	DEBUG	Ignoring file: name is not a valid add-on ID: C:\Users\TriNity\AppData\Local\Temp\anonymous8253210130243637588webdriver-profile\extensions\webdriver-staging
1555173812679	addons.xpi	DEBUG	Existing add-on formautofill@mozilla.org in app-system-defaults
1555173812680	addons.xpi	DEBUG	Existing add-on screenshots@mozilla.org in app-system-defaults
1555173812680	addons.xpi	DEBUG	Existing add-on webcompat-reporter@mozilla.org in app-system-defaults
1555173812681	addons.xpi	DEBUG	Existing add-on webcompat@mozilla.org in app-system-defaults
1555173812682	addons.xpi	DEBUG	scanForChanges changed: false, state: {}
JavaScript error: resource://gre/modules/addons/XPIProvider.jsm, line 2614: TypeError: addon is null
1555173812866	addons.manager	DEBUG	Registering upgrade listener for formautofill@mozilla.org
[Child 14696, Chrome_ChildThread] WARNING: pipe error: 109: file z:/build/build/src/ipc/chromium/src/chrome/common/ipc_channel_win.cc, line 332
[Child 14696, Chrome_ChildThread] WARNING: pipe error: 109: file z:/build/build/src/ipc/chromium/src/chrome/common/ipc_channel_win.cc, line 332

Build info: version: '3.0.1', revision: '1969d75', time: '2016-10-18 09:49:13 -0700'
System info: host: 'DESKTOP-8L4ELD8', ip: '192.168.15.204', os.name: 'Windows 10', os.arch: 'amd64', os.version: '10.0', java.version: '1.8.0_201'
Driver info: driver.version: FirefoxDriver
Caused by: org.openqa.selenium.firefox.NotConnectedException: 
Unable to connect to host 127.0.0.1 on port 7055 after 45000 ms. Firefox console output:
ghtbulb.svg","48":"icons/lightbulb.svg","96":"icons/lightbulb.svg","128":"icons/lightbulb.svg"},"iconURL":null,"blocklistState":0,"blocklistURL":null,"startupData":null,"hidden":true,"installTelemetryInfo":null,"location":"app-system-defaults"}
1555173807447	addons.xpi	DEBUG	Updating XPIState for {"id":"webcompat@mozilla.org","syncGUID":"{a0d39ca2-bca4-4e5a-ae7c-5124376227a4}","version":"3.0.2","type":"extension","loader":null,"updateURL":null,"optionsURL":null,"optionsType":null,"optionsBrowserStyle":true,"aboutURL":null,"defaultLocale":{"name":"Web Compat","description":"Urgent post-release fixes for web compatibility.","creator":null,"developers":null,"translators":null,"contributors":null},"visible":true,"active":true,"userDisabled":false,"appDisabled":false,"installDate":1554571702928,"updateDate":1554571702928,"applyBackgroundUpdates":1,"path":"C:\\Program Files (x86)\\Mozilla Firefox\\browser\\features\\webcompat@mozilla.org.xpi","skinnable":false,"sourceURI":null,"releaseNotesURI":null,"softDisabled":false,"foreignInstall":false,"strictCompatibility":true,"locales":[],"targetApplications":[{"id":"toolkit@mozilla.org","minVersion":"59.0b5","maxVersion":null}],"targetPlatforms":[],"seen":true,"dependencies":[],"userPermissions":{"permissions":["webRequest","webRequestBlocking"],"origins":["<all_urls>"]},"icons":{},"iconURL":null,"blocklistState":0,"blocklistURL":null,"startupData":null,"hidden":true,"installTelemetryInfo":null,"location":"app-system-defaults"}
1555173807447	addons.xpi-utils	DEBUG	Updating add-on states
1555173807451	addons.xpi	DEBUG	Calling bootstrap method startup on formautofill@mozilla.org version 1.0
1555173807454	addons.xpi	DEBUG	Calling bootstrap method startup on screenshots@mozilla.org version 35.0.0
1555173807456	addons.xpi	DEBUG	Calling bootstrap method startup on webcompat@mozilla.org version 3.0.2
1555173807459	addons.manager	DEBUG	Registering shutdown blocker for XPIProvider
1555173807460	addons.manager	DEBUG	Provider finished startup: XPIProvider
1555173807460	addons.manager	DEBUG	Starting provider: LightweightThemeManager
1555173807460	addons.manager	DEBUG	Registering shutdown blocker for LightweightThemeManager
1555173807461	addons.manager	DEBUG	Provider finished startup: LightweightThemeManager
1555173807462	addons.manager	DEBUG	Starting provider: GMPProvider
1555173807466	addons.manager	DEBUG	Registering shutdown blocker for GMPProvider
1555173807467	addons.manager	DEBUG	Provider finished startup: GMPProvider
1555173807467	addons.manager	DEBUG	Starting provider: PluginProvider
1555173807467	addons.manager	DEBUG	Registering shutdown blocker for PluginProvider
1555173807467	addons.manager	DEBUG	Provider finished startup: PluginProvider
1555173807477	addons.manager	DEBUG	Completed startup sequence
1555173809358	addons.xpi-utils	DEBUG	XPI Database saved, setting schema version preference to 28
1555173810094	addons.repository	DEBUG	No addons.json found.
1555173812667	addons.xpi	DEBUG	Ignoring file: name is not a valid add-on ID: C:\Users\TriNity\AppData\Local\Temp\anonymous8253210130243637588webdriver-profile\extensions\webdriver-staging
1555173812679	addons.xpi	DEBUG	Existing add-on formautofill@mozilla.org in app-system-defaults
1555173812680	addons.xpi	DEBUG	Existing add-on screenshots@mozilla.org in app-system-defaults
1555173812680	addons.xpi	DEBUG	Existing add-on webcompat-reporter@mozilla.org in app-system-defaults
1555173812681	addons.xpi	DEBUG	Existing add-on webcompat@mozilla.org in app-system-defaults
1555173812682	addons.xpi	DEBUG	scanForChanges changed: false, state: {}
JavaScript error: resource://gre/modules/addons/XPIProvider.jsm, line 2614: TypeError: addon is null
1555173812866	addons.manager	DEBUG	Registering upgrade listener for formautofill@mozilla.org
[Child 14696, Chrome_ChildThread] WARNING: pipe error: 109: file z:/build/build/src/ipc/chromium/src/chrome/common/ipc_channel_win.cc, line 332
[Child 14696, Chrome_ChildThread] WARNING: pipe error: 109: file z:/build/build/src/ipc/chromium/src/chrome/common/ipc_channel_win.cc, line 332

	at TestRunner.feature(TestRunner.java:31)
]]></failure>
    <system-out><![CDATA[Feature: Google Search
    As a google search user
    I want to search for information I need
    So that I am  better Informed

  Scenario: Search for an item                                          &amp#27;[90m# search.feature:6&amp#27;[0m
    &amp#27;[31mGiven &amp#27;[0m&amp#27;[31mI an on Google Search page&amp#27;[0m                                    &amp#27;[90m# SearchStep.i_an_on_Google_Search_page()&amp#27;[0m
      &amp#27;[31morg.openqa.selenium.WebDriverException: Failed to connect to binary FirefoxBinary(C:\Program Files (x86)\Mozilla Firefox\firefox.exe) on port 7055; process output follows: 
      ghtbulb.svg","48":"icons/lightbulb.svg","96":"icons/lightbulb.svg","128":"icons/lightbulb.svg"},"iconURL":null,"blocklistState":0,"blocklistURL":null,"startupData":null,"hidden":true,"installTelemetryInfo":null,"location":"app-system-defaults"}
      1555173807447	addons.xpi	DEBUG	Updating XPIState for {"id":"webcompat@mozilla.org","syncGUID":"{a0d39ca2-bca4-4e5a-ae7c-5124376227a4}","version":"3.0.2","type":"extension","loader":null,"updateURL":null,"optionsURL":null,"optionsType":null,"optionsBrowserStyle":true,"aboutURL":null,"defaultLocale":{"name":"Web Compat","description":"Urgent post-release fixes for web compatibility.","creator":null,"developers":null,"translators":null,"contributors":null},"visible":true,"active":true,"userDisabled":false,"appDisabled":false,"installDate":1554571702928,"updateDate":1554571702928,"applyBackgroundUpdates":1,"path":"C:\\Program Files (x86)\\Mozilla Firefox\\browser\\features\\webcompat@mozilla.org.xpi","skinnable":false,"sourceURI":null,"releaseNotesURI":null,"softDisabled":false,"foreignInstall":false,"strictCompatibility":true,"locales":[],"targetApplications":[{"id":"toolkit@mozilla.org","minVersion":"59.0b5","maxVersion":null}],"targetPlatforms":[],"seen":true,"dependencies":[],"userPermissions":{"permissions":["webRequest","webRequestBlocking"],"origins":["<all_urls>"]},"icons":{},"iconURL":null,"blocklistState":0,"blocklistURL":null,"startupData":null,"hidden":true,"installTelemetryInfo":null,"location":"app-system-defaults"}
      1555173807447	addons.xpi-utils	DEBUG	Updating add-on states
      1555173807451	addons.xpi	DEBUG	Calling bootstrap method startup on formautofill@mozilla.org version 1.0
      1555173807454	addons.xpi	DEBUG	Calling bootstrap method startup on screenshots@mozilla.org version 35.0.0
      1555173807456	addons.xpi	DEBUG	Calling bootstrap method startup on webcompat@mozilla.org version 3.0.2
      1555173807459	addons.manager	DEBUG	Registering shutdown blocker for XPIProvider
      1555173807460	addons.manager	DEBUG	Provider finished startup: XPIProvider
      1555173807460	addons.manager	DEBUG	Starting provider: LightweightThemeManager
      1555173807460	addons.manager	DEBUG	Registering shutdown blocker for LightweightThemeManager
      1555173807461	addons.manager	DEBUG	Provider finished startup: LightweightThemeManager
      1555173807462	addons.manager	DEBUG	Starting provider: GMPProvider
      1555173807466	addons.manager	DEBUG	Registering shutdown blocker for GMPProvider
      1555173807467	addons.manager	DEBUG	Provider finished startup: GMPProvider
      1555173807467	addons.manager	DEBUG	Starting provider: PluginProvider
      1555173807467	addons.manager	DEBUG	Registering shutdown blocker for PluginProvider
      1555173807467	addons.manager	DEBUG	Provider finished startup: PluginProvider
      1555173807477	addons.manager	DEBUG	Completed startup sequence
      1555173809358	addons.xpi-utils	DEBUG	XPI Database saved, setting schema version preference to 28
      1555173810094	addons.repository	DEBUG	No addons.json found.
      1555173812667	addons.xpi	DEBUG	Ignoring file: name is not a valid add-on ID: C:\Users\TriNity\AppData\Local\Temp\anonymous8253210130243637588webdriver-profile\extensions\webdriver-staging
      1555173812679	addons.xpi	DEBUG	Existing add-on formautofill@mozilla.org in app-system-defaults
      1555173812680	addons.xpi	DEBUG	Existing add-on screenshots@mozilla.org in app-system-defaults
      1555173812680	addons.xpi	DEBUG	Existing add-on webcompat-reporter@mozilla.org in app-system-defaults
      1555173812681	addons.xpi	DEBUG	Existing add-on webcompat@mozilla.org in app-system-defaults
      1555173812682	addons.xpi	DEBUG	scanForChanges changed: false, state: {}
      JavaScript error: resource://gre/modules/addons/XPIProvider.jsm, line 2614: TypeError: addon is null
      1555173812866	addons.manager	DEBUG	Registering upgrade listener for formautofill@mozilla.org
      [Child 14696, Chrome_ChildThread] WARNING: pipe error: 109: file z:/build/build/src/ipc/chromium/src/chrome/common/ipc_channel_win.cc, line 332
      [Child 14696, Chrome_ChildThread] WARNING: pipe error: 109: file z:/build/build/src/ipc/chromium/src/chrome/common/ipc_channel_win.cc, line 332
      
      Build info: version: '3.0.1', revision: '1969d75', time: '2016-10-18 09:49:13 -0700'
      System info: host: 'DESKTOP-8L4ELD8', ip: '192.168.15.204', os.name: 'Windows 10', os.arch: 'amd64', os.version: '10.0', java.version: '1.8.0_201'
      Driver info: driver.version: FirefoxDriver
      	at org.openqa.selenium.firefox.internal.NewProfileExtensionConnection.start(NewProfileExtensionConnection.java:125)
      	at org.openqa.selenium.firefox.FirefoxDriver.startClient(FirefoxDriver.java:347)
      	at org.openqa.selenium.remote.RemoteWebDriver.<init>(RemoteWebDriver.java:116)
      	at org.openqa.selenium.firefox.FirefoxDriver.<init>(FirefoxDriver.java:259)
      	at org.openqa.selenium.firefox.FirefoxDriver.<init>(FirefoxDriver.java:247)
      	at org.openqa.selenium.firefox.FirefoxDriver.<init>(FirefoxDriver.java:242)
      	at org.openqa.selenium.firefox.FirefoxDriver.<init>(FirefoxDriver.java:238)
      	at org.openqa.selenium.firefox.FirefoxDriver.<init>(FirefoxDriver.java:127)
      	at stepdefinition.SearchStep.i_an_on_Google_Search_page(SearchStep.java:16)
      	at ?.Given I an on Google Search page(search.feature:7)
      Caused by: org.openqa.selenium.firefox.NotConnectedException: Unable to connect to host 127.0.0.1 on port 7055 after 45000 ms. Firefox console output:
      ghtbulb.svg","48":"icons/lightbulb.svg","96":"icons/lightbulb.svg","128":"icons/lightbulb.svg"},"iconURL":null,"blocklistState":0,"blocklistURL":null,"startupData":null,"hidden":true,"installTelemetryInfo":null,"location":"app-system-defaults"}
      1555173807447	addons.xpi	DEBUG	Updating XPIState for {"id":"webcompat@mozilla.org","syncGUID":"{a0d39ca2-bca4-4e5a-ae7c-5124376227a4}","version":"3.0.2","type":"extension","loader":null,"updateURL":null,"optionsURL":null,"optionsType":null,"optionsBrowserStyle":true,"aboutURL":null,"defaultLocale":{"name":"Web Compat","description":"Urgent post-release fixes for web compatibility.","creator":null,"developers":null,"translators":null,"contributors":null},"visible":true,"active":true,"userDisabled":false,"appDisabled":false,"installDate":1554571702928,"updateDate":1554571702928,"applyBackgroundUpdates":1,"path":"C:\\Program Files (x86)\\Mozilla Firefox\\browser\\features\\webcompat@mozilla.org.xpi","skinnable":false,"sourceURI":null,"releaseNotesURI":null,"softDisabled":false,"foreignInstall":false,"strictCompatibility":true,"locales":[],"targetApplications":[{"id":"toolkit@mozilla.org","minVersion":"59.0b5","maxVersion":null}],"targetPlatforms":[],"seen":true,"dependencies":[],"userPermissions":{"permissions":["webRequest","webRequestBlocking"],"origins":["<all_urls>"]},"icons":{},"iconURL":null,"blocklistState":0,"blocklistURL":null,"startupData":null,"hidden":true,"installTelemetryInfo":null,"location":"app-system-defaults"}
      1555173807447	addons.xpi-utils	DEBUG	Updating add-on states
      1555173807451	addons.xpi	DEBUG	Calling bootstrap method startup on formautofill@mozilla.org version 1.0
      1555173807454	addons.xpi	DEBUG	Calling bootstrap method startup on screenshots@mozilla.org version 35.0.0
      1555173807456	addons.xpi	DEBUG	Calling bootstrap method startup on webcompat@mozilla.org version 3.0.2
      1555173807459	addons.manager	DEBUG	Registering shutdown blocker for XPIProvider
      1555173807460	addons.manager	DEBUG	Provider finished startup: XPIProvider
      1555173807460	addons.manager	DEBUG	Starting provider: LightweightThemeManager
      1555173807460	addons.manager	DEBUG	Registering shutdown blocker for LightweightThemeManager
      1555173807461	addons.manager	DEBUG	Provider finished startup: LightweightThemeManager
      1555173807462	addons.manager	DEBUG	Starting provider: GMPProvider
      1555173807466	addons.manager	DEBUG	Registering shutdown blocker for GMPProvider
      1555173807467	addons.manager	DEBUG	Provider finished startup: GMPProvider
      1555173807467	addons.manager	DEBUG	Starting provider: PluginProvider
      1555173807467	addons.manager	DEBUG	Registering shutdown blocker for PluginProvider
      1555173807467	addons.manager	DEBUG	Provider finished startup: PluginProvider
      1555173807477	addons.manager	DEBUG	Completed startup sequence
      1555173809358	addons.xpi-utils	DEBUG	XPI Database saved, setting schema version preference to 28
      1555173810094	addons.repository	DEBUG	No addons.json found.
      1555173812667	addons.xpi	DEBUG	Ignoring file: name is not a valid add-on ID: C:\Users\TriNity\AppData\Local\Temp\anonymous8253210130243637588webdriver-profile\extensions\webdriver-staging
      1555173812679	addons.xpi	DEBUG	Existing add-on formautofill@mozilla.org in app-system-defaults
      1555173812680	addons.xpi	DEBUG	Existing add-on screenshots@mozilla.org in app-system-defaults
      1555173812680	addons.xpi	DEBUG	Existing add-on webcompat-reporter@mozilla.org in app-system-defaults
      1555173812681	addons.xpi	DEBUG	Existing add-on webcompat@mozilla.org in app-system-defaults
      1555173812682	addons.xpi	DEBUG	scanForChanges changed: false, state: {}
      JavaScript error: resource://gre/modules/addons/XPIProvider.jsm, line 2614: TypeError: addon is null
      1555173812866	addons.manager	DEBUG	Registering upgrade listener for formautofill@mozilla.org
      [Child 14696, Chrome_ChildThread] WARNING: pipe error: 109: file z:/build/build/src/ipc/chromium/src/chrome/common/ipc_channel_win.cc, line 332
      [Child 14696, Chrome_ChildThread] WARNING: pipe error: 109: file z:/build/build/src/ipc/chromium/src/chrome/common/ipc_channel_win.cc, line 332
      
      	at org.openqa.selenium.firefox.internal.NewProfileExtensionConnection.start(NewProfileExtensionConnection.java:113)
      	at org.openqa.selenium.firefox.FirefoxDriver.startClient(FirefoxDriver.java:347)
      	at org.openqa.selenium.remote.RemoteWebDriver.<init>(RemoteWebDriver.java:116)
      	at org.openqa.selenium.firefox.FirefoxDriver.<init>(FirefoxDriver.java:259)
      	at org.openqa.selenium.firefox.FirefoxDriver.<init>(FirefoxDriver.java:247)
      	at org.openqa.selenium.firefox.FirefoxDriver.<init>(FirefoxDriver.java:242)
      	at org.openqa.selenium.firefox.FirefoxDriver.<init>(FirefoxDriver.java:238)
      	at org.openqa.selenium.firefox.FirefoxDriver.<init>(FirefoxDriver.java:127)
      	at stepdefinition.SearchStep.i_an_on_Google_Search_page(SearchStep.java:16)
      	at sun.reflect.NativeMethodAccessorImpl.invoke0(Native Method)
      	at sun.reflect.NativeMethodAccessorImpl.invoke(NativeMethodAccessorImpl.java:62)
      	at sun.reflect.DelegatingMethodAccessorImpl.invoke(DelegatingMethodAccessorImpl.java:43)
      	at java.lang.reflect.Method.invoke(Method.java:498)
      	at cucumber.runtime.Utils$1.call(Utils.java:40)
      	at cucumber.runtime.Timeout.timeout(Timeout.java:16)
      	at cucumber.runtime.Utils.invoke(Utils.java:34)
      	at cucumber.runtime.java.JavaStepDefinition.execute(JavaStepDefinition.java:38)
      	at cucumber.runtime.StepDefinitionMatch.runStep(StepDefinitionMatch.java:37)
      	at cucumber.runtime.Runtime.runStep(Runtime.java:300)
      	at cucumber.runtime.model.StepContainer.runStep(StepContainer.java:44)
      	at cucumber.runtime.model.StepContainer.runSteps(StepContainer.java:39)
      	at cucumber.runtime.model.CucumberScenario.run(CucumberScenario.java:44)
      	at cucumber.runtime.model.CucumberFeature.run(CucumberFeature.java:165)
      	at cucumber.api.testng.TestNGCucumberRunner.runCucumber(TestNGCucumberRunner.java:63)
      	at TestRunner.feature(TestRunner.java:31)
      	at sun.reflect.NativeMethodAccessorImpl.invoke0(Native Method)
      	at sun.reflect.NativeMethodAccessorImpl.invoke(NativeMethodAccessorImpl.java:62)
      	at sun.reflect.DelegatingMethodAccessorImpl.invoke(DelegatingMethodAccessorImpl.java:43)
      	at java.lang.reflect.Method.invoke(Method.java:498)
      	at org.testng.internal.MethodInvocationHelper.invokeMethod(MethodInvocationHelper.java:85)
      	at org.testng.internal.Invoker.invokeMethod(Invoker.java:639)
      	at org.testng.internal.Invoker.invokeTestMethod(Invoker.java:816)
      	at org.testng.internal.Invoker.invokeTestMethods(Invoker.java:1124)
      	at org.testng.internal.TestMethodWorker.invokeTestMethods(TestMethodWorker.java:125)
      	at org.testng.internal.TestMethodWorker.run(TestMethodWorker.java:108)
      	at org.testng.TestRunner.privateRun(TestRunner.java:774)
      	at org.testng.TestRunner.run(TestRunner.java:624)
      	at org.testng.SuiteRunner.runTest(SuiteRunner.java:359)
      	at org.testng.SuiteRunner.runSequentially(SuiteRunner.java:354)
      	at org.testng.SuiteRunner.privateRun(SuiteRunner.java:312)
      	at org.testng.SuiteRunner.run(SuiteRunner.java:261)
      	at org.testng.SuiteRunnerWorker.runSuite(SuiteRunnerWorker.java:52)
      	at org.testng.SuiteRunnerWorker.run(SuiteRunnerWorker.java:86)
      	at org.testng.TestNG.runSuitesSequentially(TestNG.java:1191)
      	at org.testng.TestNG.runSuitesLocally(TestNG.java:1116)
      	at org.testng.TestNG.run(TestNG.java:1024)
      	at org.apache.maven.surefire.testng.TestNGExecutor.run(TestNGExecutor.java:135)
      	at org.apache.maven.surefire.testng.TestNGDirectoryTestSuite.executeSingleClass(TestNGDirectoryTestSuite.java:112)
      	at org.apache.maven.surefire.testng.TestNGDirectoryTestSuite.execute(TestNGDirectoryTestSuite.java:99)
      	at org.apache.maven.surefire.testng.TestNGProvider.invoke(TestNGProvider.java:146)
      	at org.apache.maven.surefire.booter.ForkedBooter.invokeProviderInSameClassLoader(ForkedBooter.java:384)
      	at org.apache.maven.surefire.booter.ForkedBooter.runSuitesInProcess(ForkedBooter.java:345)
      	at org.apache.maven.surefire.booter.ForkedBooter.execute(ForkedBooter.java:126)
      	at org.apache.maven.surefire.booter.ForkedBooter.main(ForkedBooter.java:418)
      &amp#27;[0m
    &amp#27;[36mWhen &amp#27;[0m&amp#27;[36mI enter a search term "&amp#27;[0m&amp#27;[36m&amp#27;[1mJava&amp#27;[0m&amp#27;[36m"&amp#27;[0m                                   &amp#27;[90m# SearchStep.i_enter_a_search_term(String)&amp#27;[0m
    &amp#27;[36mAnd &amp#27;[0m&amp#27;[36mI click on the search button&amp#27;[0m                                    &amp#27;[90m# SearchStep.i_click_on_the_search_button()&amp#27;[0m
    &amp#27;[36mThen &amp#27;[0m&amp#27;[36mI should be shown a list of results relating to my search term&amp#27;[0m &amp#27;[90m# SearchStep.i_should_be_shown_a_list_of_results_relating_to_my_search_term()&amp#27;[0m
]]></system-out>
    <system-err><![CDATA[org.openqa.selenium.firefox.NotConnectedException: Unable to connect to host 127.0.0.1 on port 7055 after 45000 ms. Firefox console output:
ghtbulb.svg","48":"icons/lightbulb.svg","96":"icons/lightbulb.svg","128":"icons/lightbulb.svg"},"iconURL":null,"blocklistState":0,"blocklistURL":null,"startupData":null,"hidden":true,"installTelemetryInfo":null,"location":"app-system-defaults"}
1555173807447	addons.xpi	DEBUG	Updating XPIState for {"id":"webcompat@mozilla.org","syncGUID":"{a0d39ca2-bca4-4e5a-ae7c-5124376227a4}","version":"3.0.2","type":"extension","loader":null,"updateURL":null,"optionsURL":null,"optionsType":null,"optionsBrowserStyle":true,"aboutURL":null,"defaultLocale":{"name":"Web Compat","description":"Urgent post-release fixes for web compatibility.","creator":null,"developers":null,"translators":null,"contributors":null},"visible":true,"active":true,"userDisabled":false,"appDisabled":false,"installDate":1554571702928,"updateDate":1554571702928,"applyBackgroundUpdates":1,"path":"C:\\Program Files (x86)\\Mozilla Firefox\\browser\\features\\webcompat@mozilla.org.xpi","skinnable":false,"sourceURI":null,"releaseNotesURI":null,"softDisabled":false,"foreignInstall":false,"strictCompatibility":true,"locales":[],"targetApplications":[{"id":"toolkit@mozilla.org","minVersion":"59.0b5","maxVersion":null}],"targetPlatforms":[],"seen":true,"dependencies":[],"userPermissions":{"permissions":["webRequest","webRequestBlocking"],"origins":["<all_urls>"]},"icons":{},"iconURL":null,"blocklistState":0,"blocklistURL":null,"startupData":null,"hidden":true,"installTelemetryInfo":null,"location":"app-system-defaults"}
1555173807447	addons.xpi-utils	DEBUG	Updating add-on states
1555173807451	addons.xpi	DEBUG	Calling bootstrap method startup on formautofill@mozilla.org version 1.0
1555173807454	addons.xpi	DEBUG	Calling bootstrap method startup on screenshots@mozilla.org version 35.0.0
1555173807456	addons.xpi	DEBUG	Calling bootstrap method startup on webcompat@mozilla.org version 3.0.2
1555173807459	addons.manager	DEBUG	Registering shutdown blocker for XPIProvider
1555173807460	addons.manager	DEBUG	Provider finished startup: XPIProvider
1555173807460	addons.manager	DEBUG	Starting provider: LightweightThemeManager
1555173807460	addons.manager	DEBUG	Registering shutdown blocker for LightweightThemeManager
1555173807461	addons.manager	DEBUG	Provider finished startup: LightweightThemeManager
1555173807462	addons.manager	DEBUG	Starting provider: GMPProvider
1555173807466	addons.manager	DEBUG	Registering shutdown blocker for GMPProvider
1555173807467	addons.manager	DEBUG	Provider finished startup: GMPProvider
1555173807467	addons.manager	DEBUG	Starting provider: PluginProvider
1555173807467	addons.manager	DEBUG	Registering shutdown blocker for PluginProvider
1555173807467	addons.manager	DEBUG	Provider finished startup: PluginProvider
1555173807477	addons.manager	DEBUG	Completed startup sequence
1555173809358	addons.xpi-utils	DEBUG	XPI Database saved, setting schema version preference to 28
1555173810094	addons.repository	DEBUG	No addons.json found.
1555173812667	addons.xpi	DEBUG	Ignoring file: name is not a valid add-on ID: C:\Users\TriNity\AppData\Local\Temp\anonymous8253210130243637588webdriver-profile\extensions\webdriver-staging
1555173812679	addons.xpi	DEBUG	Existing add-on formautofill@mozilla.org in app-system-defaults
1555173812680	addons.xpi	DEBUG	Existing add-on screenshots@mozilla.org in app-system-defaults
1555173812680	addons.xpi	DEBUG	Existing add-on webcompat-reporter@mozilla.org in app-system-defaults
1555173812681	addons.xpi	DEBUG	Existing add-on webcompat@mozilla.org in app-system-defaults
1555173812682	addons.xpi	DEBUG	scanForChanges changed: false, state: {}
JavaScript error: resource://gre/modules/addons/XPIProvider.jsm, line 2614: TypeError: addon is null
1555173812866	addons.manager	DEBUG	Registering upgrade listener for formautofill@mozilla.org
[Child 14696, Chrome_ChildThread] WARNING: pipe error: 109: file z:/build/build/src/ipc/chromium/src/chrome/common/ipc_channel_win.cc, line 332
[Child 14696, Chrome_ChildThread] WARNING: pipe error: 109: file z:/build/build/src/ipc/chromium/src/chrome/common/ipc_channel_win.cc, line 332

	at org.openqa.selenium.firefox.internal.NewProfileExtensionConnection.start(NewProfileExtensionConnection.java:113)
	at org.openqa.selenium.firefox.FirefoxDriver.startClient(FirefoxDriver.java:347)
	at org.openqa.selenium.remote.RemoteWebDriver.<init>(RemoteWebDriver.java:116)
	at org.openqa.selenium.firefox.FirefoxDriver.<init>(FirefoxDriver.java:259)
	at org.openqa.selenium.firefox.FirefoxDriver.<init>(FirefoxDriver.java:247)
	at org.openqa.selenium.firefox.FirefoxDriver.<init>(FirefoxDriver.java:242)
	at org.openqa.selenium.firefox.FirefoxDriver.<init>(FirefoxDriver.java:238)
	at org.openqa.selenium.firefox.FirefoxDriver.<init>(FirefoxDriver.java:127)
	at stepdefinition.SearchStep.i_an_on_Google_Search_page(SearchStep.java:16)
	at sun.reflect.NativeMethodAccessorImpl.invoke0(Native Method)
	at sun.reflect.NativeMethodAccessorImpl.invoke(NativeMethodAccessorImpl.java:62)
	at sun.reflect.DelegatingMethodAccessorImpl.invoke(DelegatingMethodAccessorImpl.java:43)
	at java.lang.reflect.Method.invoke(Method.java:498)
	at cucumber.runtime.Utils$1.call(Utils.java:40)
	at cucumber.runtime.Timeout.timeout(Timeout.java:16)
	at cucumber.runtime.Utils.invoke(Utils.java:34)
	at cucumber.runtime.java.JavaStepDefinition.execute(JavaStepDefinition.java:38)
	at cucumber.runtime.StepDefinitionMatch.runStep(StepDefinitionMatch.java:37)
	at cucumber.runtime.Runtime.runStep(Runtime.java:300)
	at cucumber.runtime.model.StepContainer.runStep(StepContainer.java:44)
	at cucumber.runtime.model.StepContainer.runSteps(StepContainer.java:39)
	at cucumber.runtime.model.CucumberScenario.run(CucumberScenario.java:44)
	at cucumber.runtime.model.CucumberFeature.run(CucumberFeature.java:165)
	at cucumber.api.testng.TestNGCucumberRunner.runCucumber(TestNGCucumberRunner.java:63)
	at TestRunner.feature(TestRunner.java:31)
	at sun.reflect.NativeMethodAccessorImpl.invoke0(Native Method)
	at sun.reflect.NativeMethodAccessorImpl.invoke(NativeMethodAccessorImpl.java:62)
	at sun.reflect.DelegatingMethodAccessorImpl.invoke(DelegatingMethodAccessorImpl.java:43)
	at java.lang.reflect.Method.invoke(Method.java:498)
	at org.testng.internal.MethodInvocationHelper.invokeMethod(MethodInvocationHelper.java:85)
	at org.testng.internal.Invoker.invokeMethod(Invoker.java:639)
	at org.testng.internal.Invoker.invokeTestMethod(Invoker.java:816)
	at org.testng.internal.Invoker.invokeTestMethods(Invoker.java:1124)
	at org.testng.internal.TestMethodWorker.invokeTestMethods(TestMethodWorker.java:125)
	at org.testng.internal.TestMethodWorker.run(TestMethodWorker.java:108)
	at org.testng.TestRunner.privateRun(TestRunner.java:774)
	at org.testng.TestRunner.run(TestRunner.java:624)
	at org.testng.SuiteRunner.runTest(SuiteRunner.java:359)
	at org.testng.SuiteRunner.runSequentially(SuiteRunner.java:354)
	at org.testng.SuiteRunner.privateRun(SuiteRunner.java:312)
	at org.testng.SuiteRunner.run(SuiteRunner.java:261)
	at org.testng.SuiteRunnerWorker.runSuite(SuiteRunnerWorker.java:52)
	at org.testng.SuiteRunnerWorker.run(SuiteRunnerWorker.java:86)
	at org.testng.TestNG.runSuitesSequentially(TestNG.java:1191)
	at org.testng.TestNG.runSuitesLocally(TestNG.java:1116)
	at org.testng.TestNG.run(TestNG.java:1024)
	at org.apache.maven.surefire.testng.TestNGExecutor.run(TestNGExecutor.java:135)
	at org.apache.maven.surefire.testng.TestNGDirectoryTestSuite.executeSingleClass(TestNGDirectoryTestSuite.java:112)
	at org.apache.maven.surefire.testng.TestNGDirectoryTestSuite.execute(TestNGDirectoryTestSuite.java:99)
	at org.apache.maven.surefire.testng.TestNGProvider.invoke(TestNGProvider.java:146)
	at org.apache.maven.surefire.booter.ForkedBooter.invokeProviderInSameClassLoader(ForkedBooter.java:384)
	at org.apache.maven.surefire.booter.ForkedBooter.runSuitesInProcess(ForkedBooter.java:345)
	at org.apache.maven.surefire.booter.ForkedBooter.execute(ForkedBooter.java:126)
	at org.apache.maven.surefire.booter.ForkedBooter.main(ForkedBooter.java:418)
]]></system-err>
  </testcase>
</testsuite>