<?xml version="1.0" encoding="UTF-8"?>
<!-- Generated by org.testng.reporters.JUnitReportReporter -->
<testsuite hostname="DESKTOP-8L4ELD8" name="TestRunner" tests="2" failures="0" timestamp="14 Apr 2019 00:15:06 GMT" time="13.217" errors="0">
  <testcase name="feature" time="12.877" classname="TestRunner"/>
  <testcase name="feature" time="0.340" classname="TestRunner"/>
</testsuite> <!-- TestRunner -->
