<?xml version="1.0" encoding="UTF-8"?>
<!-- Generated by org.testng.reporters.JUnitReportReporter -->
<testsuite hostname="DESKTOP-8L4ELD8" name="TestRunner" tests="2" failures="0" timestamp="14 Apr 2019 19:49:28 GMT" time="63.197" errors="0">
  <testcase name="feature" time="62.800" classname="TestRunner"/>
  <testcase name="feature" time="0.397" classname="TestRunner"/>
</testsuite> <!-- TestRunner -->
