<?xml version="1.0" encoding="UTF-8"?>
<!-- Generated by org.testng.reporters.JUnitReportReporter -->
<testsuite hostname="DESKTOP-8L4ELD8" name="TestRunner.TestRunner" tests="1" failures="0" timestamp="19 Mar 2019 21:54:17 GMT" time="1.041" errors="0">
  <testcase name="feature" time="1.041" classname="TestRunner.TestRunner"/>
</testsuite> <!-- TestRunner.TestRunner -->
