<?xml version="1.0" encoding="UTF-8"?>
<!-- Generated by org.testng.reporters.JUnitReportReporter -->
<testsuite hostname="DESKTOP-8L4ELD8" name="TestRunner" tests="2" failures="0" timestamp="30 Mar 2019 19:32:43 GMT" time="0.507" errors="0">
  <testcase name="feature" time="0.487" classname="TestRunner"/>
  <testcase name="feature" time="0.020" classname="TestRunner"/>
</testsuite> <!-- TestRunner -->
