<?xml version="1.0" encoding="UTF-8"?>
<!-- Generated by org.testng.reporters.JUnitReportReporter -->
<testsuite hostname="DESKTOP-8L4ELD8" name="TestRunner" tests="2" failures="0" timestamp="30 Mar 2019 20:01:33 GMT" time="37.507" errors="0">
  <testcase name="feature" time="0.539" classname="TestRunner"/>
  <testcase name="feature" time="36.968" classname="TestRunner"/>
</testsuite> <!-- TestRunner -->
