<?xml version="1.0" encoding="UTF-8"?>
<!-- Generated by org.testng.reporters.JUnitReportReporter -->
<testsuite hostname="DESKTOP-8L4ELD8" name="TestRunner" tests="2" failures="0" timestamp="14 Apr 2019 01:43:21 GMT" time="34.791" errors="0">
  <testcase name="feature" time="0.459" classname="TestRunner"/>
  <testcase name="feature" time="34.332" classname="TestRunner"/>
</testsuite> <!-- TestRunner -->
